{
  "stats": {
    "suites": 1,
    "tests": 2,
    "passes": 2,
    "pending": 0,
    "failures": 0,
    "start": "2021-05-30T15:37:17.589Z",
    "end": "2021-05-30T15:37:24.135Z",
    "duration": 6546,
    "testsRegistered": 2,
    "passPercent": 100,
    "pendingPercent": 0,
    "other": 0,
    "hasOther": false,
    "skipped": 0,
    "hasSkipped": false
  },
  "results": [
    {
      "uuid": "83d2aa55-57ae-4d58-a300-6f53e3030a1e",
      "title": "",
      "fullFile": "cypress/integration/pages/introduction.spec.ts",
      "file": "cypress/integration/pages/introduction.spec.ts",
      "beforeHooks": [],
      "afterHooks": [],
      "tests": [],
      "suites": [
        {
          "uuid": "870a8e5d-cbee-4fd3-bedd-4bad50528c64",
          "title": "Dashboard page",
          "fullFile": "",
          "file": "",
          "beforeHooks": [],
          "afterHooks": [],
          "tests": [
            {
              "title": "land on the introduction page",
              "fullTitle": "Dashboard page land on the introduction page",
              "timedOut": null,
              "duration": 4566,
              "state": "passed",
              "speed": "slow",
              "pass": true,
              "fail": false,
              "pending": false,
              "context": null,
              "code": "cy.get('.introduction-description')\n    .contains('Genshin Impact');",
              "err": {},
              "uuid": "7ad02c7b-3e8c-43d2-9092-a47680f7a279",
              "parentUUID": "870a8e5d-cbee-4fd3-bedd-4bad50528c64",
              "isHook": false,
              "skipped": false
            },
            {
              "title": "should redirect to 5 star character menu",
              "fullTitle": "Dashboard page should redirect to 5 star character menu",
              "timedOut": null,
              "duration": 1952,
              "state": "passed",
              "speed": "slow",
              "pass": true,
              "fail": false,
              "pending": false,
              "context": null,
              "code": "cy.navigateByMenu('Characters', '5-Star Characters');\ncy.get('.character-info-name').contains('Diluc');",
              "err": {},
              "uuid": "7b5a1142-40a8-4290-a21f-7d94fcfaaf3f",
              "parentUUID": "870a8e5d-cbee-4fd3-bedd-4bad50528c64",
              "isHook": false,
              "skipped": false
            }
          ],
          "suites": [],
          "passes": [
            "7ad02c7b-3e8c-43d2-9092-a47680f7a279",
            "7b5a1142-40a8-4290-a21f-7d94fcfaaf3f"
          ],
          "failures": [],
          "pending": [],
          "skipped": [],
          "duration": 6518,
          "root": false,
          "rootEmpty": false,
          "_timeout": 2000
        }
      ],
      "passes": [],
      "failures": [],
      "pending": [],
      "skipped": [],
      "duration": 0,
      "root": true,
      "rootEmpty": true,
      "_timeout": 2000
    }
  ],
  "meta": {
    "mocha": {
      "version": "7.0.1"
    },
    "mochawesome": {
      "options": {
        "quiet": false,
        "reportFilename": "mochawesome",
        "saveHtml": false,
        "saveJson": true,
        "consoleReporter": "spec",
        "useInlineDiffs": false,
        "code": true
      },
      "version": "6.2.2"
    },
    "marge": {
      "options": {
        "overwrite": false,
        "html": false,
        "json": true
      },
      "version": "5.2.0"
    }
  }
}